<?xml version="1.0" encoding="UTF-8"?>
<!-- Generated by org.testng.reporters.JUnitXMLReporter -->
<testsuite hostname="DESKTOP-QRB56CU" name="Default test" tests="8" failures="0" timestamp="31 Aug 2023 01:02:14 GMT" time="2.726" errors="0">
  <testcase name="getBody_string" time="0.697" classname="restAssred_reqres_Tests.Test_Get_userList"/>
  <testcase name="getContentType" time="0.0" classname="restAssred_reqres_Tests.Test_Get_userList"/>
  <testcase name="getContent_length" time="0.0" classname="restAssred_reqres_Tests.Test_Get_userList"/>
  <testcase name="getEncoding_type" time="0.001" classname="restAssred_reqres_Tests.Test_Get_userList"/>
  <testcase name="getResponstime" time="0.002" classname="restAssred_reqres_Tests.Test_Get_userList"/>
  <testcase name="getServer_type" time="0.0" classname="restAssred_reqres_Tests.Test_Get_userList"/>
  <testcase name="getStatus" time="0.0" classname="restAssred_reqres_Tests.Test_Get_userList"/>
  <testcase name="getStatus_code" time="0.001" classname="restAssred_reqres_Tests.Test_Get_userList"/>
</testsuite> <!-- Default test -->
