<?xml version="1.0" encoding="UTF-8"?>
<!-- Generated by org.testng.reporters.JUnitXMLReporter -->
<testsuite hostname="DESKTOP-QRB56CU" name="Default test" tests="8" failures="0" timestamp="3 Jun 2023 00:14:25 GMT" time="2.479" errors="0">
  <testcase name="getBody_string" time="0.591" classname="restAssred_reqres_Tests.Get_userList_reqres"/>
  <testcase name="getContentType" time="0.0" classname="restAssred_reqres_Tests.Get_userList_reqres"/>
  <testcase name="getContent_length" time="0.0" classname="restAssred_reqres_Tests.Get_userList_reqres"/>
  <testcase name="getEncoding_type" time="0.0" classname="restAssred_reqres_Tests.Get_userList_reqres"/>
  <testcase name="getResponstime" time="0.0" classname="restAssred_reqres_Tests.Get_userList_reqres"/>
  <testcase name="getServer_type" time="0.0" classname="restAssred_reqres_Tests.Get_userList_reqres"/>
  <testcase name="getStatus" time="0.0" classname="restAssred_reqres_Tests.Get_userList_reqres"/>
  <testcase name="getStatus_code" time="0.0" classname="restAssred_reqres_Tests.Get_userList_reqres"/>
</testsuite> <!-- Default test -->
