<?xml version="1.0" encoding="UTF-8"?>
<testng-results skipped="0" failed="0" total="1" passed="1">
  <reporter-output>
  </reporter-output>
  <suite name="Default suite" duration-ms="3134" started-at="2024-02-10T19:08:58Z" finished-at="2024-02-10T19:09:01Z">
    <groups>
    </groups>
    <test name="Default test" duration-ms="3134" started-at="2024-02-10T19:08:58Z" finished-at="2024-02-10T19:09:01Z">
      <class name="postAPIswagger.PostNewPetWithJasonObject">
        <test-method status="PASS" signature="putValuesWithJsonObject()[pri:0, instance:postAPIswagger.PostNewPetWithJasonObject@3567135c]" name="putValuesWithJsonObject" duration-ms="3114" started-at="2024-02-10T14:08:58Z" finished-at="2024-02-10T14:09:01Z">
          <reporter-output>
          </reporter-output>
        </test-method> <!-- putValuesWithJsonObject -->
      </class> <!-- postAPIswagger.PostNewPetWithJasonObject -->
    </test> <!-- Default test -->
  </suite> <!-- Default suite -->
</testng-results>
